<?xml version="1.0" encoding="UTF-8"?>
<testng-results ignored="0" total="1" passed="1" failed="0" skipped="0">
  <reporter-output>
  </reporter-output>
  <suite started-at="2022-01-03T11:10:32 CST" name="Default suite" finished-at="2022-01-03T11:10:38 CST" duration-ms="5879">
    <groups>
    </groups>
    <test started-at="2022-01-03T11:10:32 CST" name="Default test" finished-at="2022-01-03T11:10:38 CST" duration-ms="5879">
      <class name="ExtentReportTest">
        <test-method is-config="true" signature="startTest()[pri:0, instance:ExtentReportTest@5fbdfdcf]" started-at="2022-01-03T11:10:32 CST" name="startTest" finished-at="2022-01-03T11:10:32 CST" duration-ms="424" status="PASS">
          <reporter-output>
          </reporter-output>
        </test-method> <!-- startTest -->
        <test-method signature="extentReportsDemo()[pri:0, instance:ExtentReportTest@5fbdfdcf]" started-at="2022-01-03T11:10:32 CST" name="extentReportsDemo" finished-at="2022-01-03T11:10:37 CST" duration-ms="5108" status="PASS">
          <reporter-output>
          </reporter-output>
        </test-method> <!-- extentReportsDemo -->
        <test-method is-config="true" signature="endTest()[pri:0, instance:ExtentReportTest@5fbdfdcf]" started-at="2022-01-03T11:10:37 CST" name="endTest" finished-at="2022-01-03T11:10:38 CST" duration-ms="302" status="PASS">
          <reporter-output>
          </reporter-output>
        </test-method> <!-- endTest -->
      </class> <!-- ExtentReportTest -->
    </test> <!-- Default test -->
  </suite> <!-- Default suite -->
</testng-results>
